2017-04-22 22:33:31 Error: [Cake\Database\Exception] SQLSTATE[42S02]: Base table or view not found: 1146 Table 'unity.provider' doesn't exist
Stack Trace:
#0 /var/www/html/unity/vendor/cakephp/cakephp/src/Database/Schema/Collection.php(97): Cake\Database\Schema\Collection->_reflect('Column', 'provider', Array, Object(Cake\Database\Schema\TableSchema))
#1 /var/www/html/unity/vendor/cakephp/cakephp/src/Database/Schema/CachedCollection.php(63): Cake\Database\Schema\Collection->describe('provider', Array)
#2 /var/www/html/unity/vendor/cakephp/cakephp/src/ORM/Table.php(531): Cake\Database\Schema\CachedCollection->describe('provider')
#3 /var/www/html/unity/vendor/cakephp/cakephp/src/ORM/Table.php(652): Cake\ORM\Table->getSchema()
#4 /var/www/html/unity/vendor/cakephp/bake/src/Shell/Task/ModelTask.php(215): Cake\ORM\Table->getPrimaryKey()
#5 /var/www/html/unity/vendor/cakephp/bake/src/Shell/Task/ModelTask.php(127): Bake\Shell\Task\ModelTask->getAssociations(Object(Cake\ORM\Table))
#6 /var/www/html/unity/vendor/cakephp/bake/src/Shell/Task/ModelTask.php(110): Bake\Shell\Task\ModelTask->getTableContext(Object(Cake\ORM\Table), 'provider', 'Provider')
#7 /var/www/html/unity/vendor/cakephp/bake/src/Shell/Task/ModelTask.php(97): Bake\Shell\Task\ModelTask->bake('Provider')
#8 /var/www/html/unity/vendor/cakephp/cakephp/src/Console/Shell.php(472): Bake\Shell\Task\ModelTask->main('Provider')
#9 /var/www/html/unity/vendor/cakephp/cakephp/src/Console/Shell.php(465): Cake\Console\Shell->runCommand(Array, false, Array)
#10 /var/www/html/unity/vendor/cakephp/cakephp/src/Console/ShellDispatcher.php(227): Cake\Console\Shell->runCommand(Array, true, Array)
#11 /var/www/html/unity/vendor/cakephp/cakephp/src/Console/ShellDispatcher.php(182): Cake\Console\ShellDispatcher->_dispatch(Array)
#12 /var/www/html/unity/vendor/cakephp/cakephp/src/Console/ShellDispatcher.php(128): Cake\Console\ShellDispatcher->dispatch(Array)
#13 /var/www/html/unity/bin/cake.php(34): Cake\Console\ShellDispatcher::run(Array)
#14 {main}


2017-04-22 22:34:30 Warning: Warning (512): Association property name "message" clashes with field of same name of table "user_messages". You should explicitly specify the "propertyName" option. in [/var/www/html/unity/vendor/cakephp/cakephp/src/ORM/Association.php, line 721]
Trace:
Cake\Error\BaseErrorHandler::handleError() - CORE/src/Error/BaseErrorHandler.php, line 153
Cake\ORM\Association::getProperty() - CORE/src/ORM/Association.php, line 721
Bake\Shell\Task\ModelTask::getEntityPropertySchema() - ROOT/vendor/cakephp/bake/src/Shell/Task/ModelTask.php, line 522
Bake\Shell\Task\ModelTask::getTableContext() - ROOT/vendor/cakephp/bake/src/Shell/Task/ModelTask.php, line 132
Bake\Shell\Task\ModelTask::bake() - ROOT/vendor/cakephp/bake/src/Shell/Task/ModelTask.php, line 110
Bake\Shell\Task\ModelTask::main() - ROOT/vendor/cakephp/bake/src/Shell/Task/ModelTask.php, line 97
Cake\Console\Shell::runCommand() - CORE/src/Console/Shell.php, line 472
Cake\Console\Shell::runCommand() - CORE/src/Console/Shell.php, line 465
Cake\Console\ShellDispatcher::_dispatch() - CORE/src/Console/ShellDispatcher.php, line 227
Cake\Console\ShellDispatcher::dispatch() - CORE/src/Console/ShellDispatcher.php, line 182
Cake\Console\ShellDispatcher::run() - CORE/src/Console/ShellDispatcher.php, line 128
[main] - ROOT/bin/cake.php, line 34



2017-04-22 22:34:49 Warning: Warning (512): Association property name "message" clashes with field of same name of table "provider_messages". You should explicitly specify the "propertyName" option. in [/var/www/html/unity/vendor/cakephp/cakephp/src/ORM/Association.php, line 721]
Trace:
Cake\Error\BaseErrorHandler::handleError() - CORE/src/Error/BaseErrorHandler.php, line 153
Cake\ORM\Association::getProperty() - CORE/src/ORM/Association.php, line 721
Bake\Shell\Task\ModelTask::getEntityPropertySchema() - ROOT/vendor/cakephp/bake/src/Shell/Task/ModelTask.php, line 522
Bake\Shell\Task\ModelTask::getTableContext() - ROOT/vendor/cakephp/bake/src/Shell/Task/ModelTask.php, line 132
Bake\Shell\Task\ModelTask::bake() - ROOT/vendor/cakephp/bake/src/Shell/Task/ModelTask.php, line 110
Bake\Shell\Task\ModelTask::main() - ROOT/vendor/cakephp/bake/src/Shell/Task/ModelTask.php, line 97
Cake\Console\Shell::runCommand() - CORE/src/Console/Shell.php, line 472
Cake\Console\Shell::runCommand() - CORE/src/Console/Shell.php, line 465
Cake\Console\ShellDispatcher::_dispatch() - CORE/src/Console/ShellDispatcher.php, line 227
Cake\Console\ShellDispatcher::dispatch() - CORE/src/Console/ShellDispatcher.php, line 182
Cake\Console\ShellDispatcher::run() - CORE/src/Console/ShellDispatcher.php, line 128
[main] - ROOT/bin/cake.php, line 34



2017-04-22 22:41:28 Warning: Warning (512): Association property name "message" clashes with field of same name of table "user_messages". You should explicitly specify the "propertyName" option. in [/var/www/html/unity/vendor/cakephp/cakephp/src/ORM/Association.php, line 721]
Trace:
Cake\Error\BaseErrorHandler::handleError() - CORE/src/Error/BaseErrorHandler.php, line 153
Cake\ORM\Association::getProperty() - CORE/src/ORM/Association.php, line 721
Bake\Utility\Model\AssociationFilter::filterAssociations() - ROOT/vendor/cakephp/bake/src/Utility/Model/AssociationFilter.php, line 96
Bake\Shell\Task\TemplateTask::_filteredAssociations() - ROOT/vendor/cakephp/bake/src/Shell/Task/TemplateTask.php, line 477
Bake\Shell\Task\TemplateTask::_loadController() - ROOT/vendor/cakephp/bake/src/Shell/Task/TemplateTask.php, line 298
Bake\Shell\Task\TemplateTask::main() - ROOT/vendor/cakephp/bake/src/Shell/Task/TemplateTask.php, line 148
Cake\Console\Shell::runCommand() - CORE/src/Console/Shell.php, line 472
Cake\Console\Shell::runCommand() - CORE/src/Console/Shell.php, line 465
Cake\Console\ShellDispatcher::_dispatch() - CORE/src/Console/ShellDispatcher.php, line 227
Cake\Console\ShellDispatcher::dispatch() - CORE/src/Console/ShellDispatcher.php, line 182
Cake\Console\ShellDispatcher::run() - CORE/src/Console/ShellDispatcher.php, line 128
[main] - ROOT/bin/cake.php, line 34



2017-04-22 22:41:28 Warning: Warning (512): Association property name "message" clashes with field of same name of table "provider_messages". You should explicitly specify the "propertyName" option. in [/var/www/html/unity/vendor/cakephp/cakephp/src/ORM/Association.php, line 721]
Trace:
Cake\Error\BaseErrorHandler::handleError() - CORE/src/Error/BaseErrorHandler.php, line 153
Cake\ORM\Association::getProperty() - CORE/src/ORM/Association.php, line 721
Bake\Utility\Model\AssociationFilter::filterAssociations() - ROOT/vendor/cakephp/bake/src/Utility/Model/AssociationFilter.php, line 96
Bake\Shell\Task\TemplateTask::_filteredAssociations() - ROOT/vendor/cakephp/bake/src/Shell/Task/TemplateTask.php, line 477
Bake\Shell\Task\TemplateTask::_loadController() - ROOT/vendor/cakephp/bake/src/Shell/Task/TemplateTask.php, line 298
Bake\Shell\Task\TemplateTask::main() - ROOT/vendor/cakephp/bake/src/Shell/Task/TemplateTask.php, line 148
Cake\Console\Shell::runCommand() - CORE/src/Console/Shell.php, line 472
Cake\Console\Shell::runCommand() - CORE/src/Console/Shell.php, line 465
Cake\Console\ShellDispatcher::_dispatch() - CORE/src/Console/ShellDispatcher.php, line 227
Cake\Console\ShellDispatcher::dispatch() - CORE/src/Console/ShellDispatcher.php, line 182
Cake\Console\ShellDispatcher::run() - CORE/src/Console/ShellDispatcher.php, line 128
[main] - ROOT/bin/cake.php, line 34



